<?xml version="1.0" encoding="UTF-8"?>
<testsuite name="GoogleSearchSpec" tests="1" skipped="0" failures="1" errors="0" timestamp="2017-07-17T10:22:06" hostname="DESKTOP-C4E9NGA" time="6.668">
  <properties/>
  <testcase name="Researching book of geb" classname="GoogleSearchSpec" time="6.668">
    <failure message="org.openqa.selenium.WebDriverException: Unknown error (WARNING: The server did not provide any stacktrace information)&#10;Command duration or timeout: 8 milliseconds&#10;Build info: version: '3.4.0', revision: 'unknown', time: 'unknown'&#10;System info: host: 'DESKTOP-C4E9NGA', ip: '10.0.27.165', os.name: 'Windows 10', os.arch: 'amd64', os.version: '10.0', java.version: '1.8.0_121'&#10;Driver info: org.openqa.selenium.edge.EdgeDriver&#10;Capabilities [{applicationCacheEnabled=true, pageLoadStrategy=normal, platform=ANY, acceptSslCerts=true, browserVersion=40.15063.0.0, platformVersion=10, locationContextEnabled=true, webStorageEnabled=true, browserName=MicrosoftEdge, takesScreenshot=true, takesElementScreenshot=true, javascriptEnabled=true, platformName=windows}]&#10;Session ID: 3AF383EF-53AA-4823-B740-C7CAC78B74FB" type="org.openqa.selenium.WebDriverException">org.openqa.selenium.WebDriverException: Unknown error (WARNING: The server did not provide any stacktrace information)
Command duration or timeout: 8 milliseconds
Build info: version: '3.4.0', revision: 'unknown', time: 'unknown'
System info: host: 'DESKTOP-C4E9NGA', ip: '10.0.27.165', os.name: 'Windows 10', os.arch: 'amd64', os.version: '10.0', java.version: '1.8.0_121'
Driver info: org.openqa.selenium.edge.EdgeDriver
Capabilities [{applicationCacheEnabled=true, pageLoadStrategy=normal, platform=ANY, acceptSslCerts=true, browserVersion=40.15063.0.0, platformVersion=10, locationContextEnabled=true, webStorageEnabled=true, browserName=MicrosoftEdge, takesScreenshot=true, takesElementScreenshot=true, javascriptEnabled=true, platformName=windows}]
Session ID: 3AF383EF-53AA-4823-B740-C7CAC78B74FB
	at org.openqa.selenium.remote.ErrorHandler.createThrowable(ErrorHandler.java:215)
	at org.openqa.selenium.remote.ErrorHandler.throwIfResponseFailed(ErrorHandler.java:167)
	at org.openqa.selenium.remote.RemoteWebDriver.execute(RemoteWebDriver.java:671)
	at org.openqa.selenium.remote.RemoteWebElement.execute(RemoteWebElement.java:272)
	at org.openqa.selenium.remote.RemoteWebElement.click(RemoteWebElement.java:82)
	at geb.navigator.NonEmptyNavigator.click(NonEmptyNavigator.groovy:432)
	at GoogleSearchSpec.Researching book of geb(GoogleSearchSpec.groovy:19)
</failure>
  </testcase>
  <system-out><![CDATA[]]></system-out>
  <system-err><![CDATA[[12:22:07.763] - Listening on http://localhost:38171/ 
juil. 17, 2017 12:22:10 PM org.openqa.selenium.remote.ProtocolHandshake createSession
INFOS: Detected dialect: OSS
]]></system-err>
</testsuite>
